c:\users\r2d404\desktop\sourcecodepublisher3\executive\debug\vc141.pdb
c:\users\r2d404\desktop\sourcecodepublisher3\executive\debug\vc141.idb
c:\users\r2d404\desktop\sourcecodepublisher3\executive\debug\toker.obj
c:\users\r2d404\desktop\sourcecodepublisher3\executive\debug\semi.obj
c:\users\r2d404\desktop\sourcecodepublisher3\executive\debug\scopestack.obj
c:\users\r2d404\desktop\sourcecodepublisher3\executive\debug\regexfilter.obj
c:\users\r2d404\desktop\sourcecodepublisher3\executive\debug\process.obj
c:\users\r2d404\desktop\sourcecodepublisher3\executive\debug\parser.obj
c:\users\r2d404\desktop\sourcecodepublisher3\executive\debug\configureparser.obj
c:\users\r2d404\desktop\sourcecodepublisher3\executive\debug\actionsandrules.obj
c:\users\r2d404\desktop\sourcecodepublisher3\executive\debug\logger.obj
c:\users\r2d404\desktop\sourcecodepublisher3\executive\debug\loader.obj
c:\users\r2d404\desktop\sourcecodepublisher3\executive\debug\grammarhelpers.obj
c:\users\r2d404\desktop\sourcecodepublisher3\executive\debug\filesystem.obj
c:\users\r2d404\desktop\sourcecodepublisher3\executive\debug\display.obj
c:\users\r2d404\desktop\sourcecodepublisher3\executive\debug\dependencies.obj
c:\users\r2d404\desktop\sourcecodepublisher3\executive\debug\demonstrate.obj
c:\users\r2d404\desktop\sourcecodepublisher3\executive\debug\converter.obj
c:\users\r2d404\desktop\sourcecodepublisher3\executive\debug\abstrsyntree.obj
c:\users\r2d404\desktop\sourcecodepublisher3\executive\debug\executive.obj
c:\users\r2d404\desktop\sourcecodepublisher3\debug\executive.exe
c:\users\r2d404\desktop\sourcecodepublisher3\debug\executive.ilk
c:\users\r2d404\desktop\sourcecodepublisher3\debug\executive.pdb
c:\users\r2d404\desktop\sourcecodepublisher3\executive\debug\executive.tlog\cl.command.1.tlog
c:\users\r2d404\desktop\sourcecodepublisher3\executive\debug\executive.tlog\cl.read.1.tlog
c:\users\r2d404\desktop\sourcecodepublisher3\executive\debug\executive.tlog\cl.write.1.tlog
c:\users\r2d404\desktop\sourcecodepublisher3\executive\debug\executive.tlog\link.command.1.tlog
c:\users\r2d404\desktop\sourcecodepublisher3\executive\debug\executive.tlog\link.read.1.tlog
c:\users\r2d404\desktop\sourcecodepublisher3\executive\debug\executive.tlog\link.write.1.tlog
