c:\users\r2d404\desktop\interophelpdemo\translator\debug\vc141.pdb
c:\users\r2d404\desktop\interophelpdemo\translator\debug\translator.obj
c:\users\r2d404\desktop\interophelpdemo\translator\debug\assemblyinfo.obj
c:\users\r2d404\desktop\sourcecodepublisher3\translator\debug\vc141.pdb
c:\users\r2d404\desktop\sourcecodepublisher3\translator\debug\.netframework,version=v4.6.1.assemblyattributes.obj
c:\users\r2d404\desktop\sourcecodepublisher3\translator\debug\.netframework,version=v4.6.1.assemblyattributes.asm
c:\users\r2d404\desktop\sourcecodepublisher3\translator\debug\translator.obj
c:\users\r2d404\desktop\interophelpdemo\debug\translator.dll
c:\users\r2d404\desktop\interophelpdemo\debug\translator.pdb
c:\users\r2d404\desktop\sourcecodepublisher3\debug\translator.dll
c:\users\r2d404\desktop\sourcecodepublisher3\debug\translator.pdb
c:\users\r2d404\desktop\sourcecodepublisher3\translator\debug\translator.vcxprojassemblyreference.cache
c:\users\r2d404\desktop\sourcecodepublisher3\translator\debug\assemblyinfo.obj
c:\users\r2d404\desktop\sourcecodepublisher3\translator\debug\translator.tlog\cl.command.1.tlog
c:\users\r2d404\desktop\sourcecodepublisher3\translator\debug\translator.tlog\cl.read.1.tlog
c:\users\r2d404\desktop\sourcecodepublisher3\translator\debug\translator.tlog\cl.write.1.tlog
c:\users\r2d404\desktop\sourcecodepublisher3\translator\debug\translator.tlog\link.command.1.tlog
c:\users\r2d404\desktop\sourcecodepublisher3\translator\debug\translator.tlog\link.read.1.tlog
c:\users\r2d404\desktop\sourcecodepublisher3\translator\debug\translator.tlog\link.write.1.tlog
c:\users\r2d404\desktop\sourcecodepublisher3\translator\debug\translator.tlog\metagen.read.1.tlog
c:\users\r2d404\desktop\sourcecodepublisher3\translator\debug\translator.tlog\metagen.write.1.tlog
