c:\users\r2d404\desktop\sourcecodepublisher2\display\debug\vc141.pdb
c:\users\r2d404\desktop\sourcecodepublisher2\display\debug\vc141.idb
c:\users\r2d404\desktop\sourcecodepublisher2\display\debug\test_display.obj
c:\users\r2d404\desktop\sourcecodepublisher2\display\debug\display.obj
c:\users\r2d404\desktop\sourcecodepublisher2\display\debug\toker.obj
c:\users\r2d404\desktop\sourcecodepublisher2\display\debug\semi.obj
c:\users\r2d404\desktop\sourcecodepublisher2\display\debug\scopestack.obj
c:\users\r2d404\desktop\sourcecodepublisher2\display\debug\parser.obj
c:\users\r2d404\desktop\sourcecodepublisher2\display\debug\configureparser.obj
c:\users\r2d404\desktop\sourcecodepublisher2\display\debug\actionsandrules.obj
c:\users\r2d404\desktop\sourcecodepublisher2\display\debug\logger.obj
c:\users\r2d404\desktop\sourcecodepublisher2\display\debug\grammarhelpers.obj
c:\users\r2d404\desktop\sourcecodepublisher2\display\debug\filesystem.obj
c:\users\r2d404\desktop\sourcecodepublisher2\display\debug\abstrsyntree.obj
c:\users\r2d404\desktop\sourcecodepublisher2\debug\display.ilk
c:\users\r2d404\desktop\sourcecodepublisher2\debug\display.exe
c:\users\r2d404\desktop\sourcecodepublisher2\debug\display.pdb
c:\users\r2d404\desktop\sourcecodepublisher2\display\debug\display.tlog\cl.command.1.tlog
c:\users\r2d404\desktop\sourcecodepublisher2\display\debug\display.tlog\cl.read.1.tlog
c:\users\r2d404\desktop\sourcecodepublisher2\display\debug\display.tlog\cl.write.1.tlog
c:\users\r2d404\desktop\sourcecodepublisher2\display\debug\display.tlog\link.command.1.tlog
c:\users\r2d404\desktop\sourcecodepublisher2\display\debug\display.tlog\link.read.1.tlog
c:\users\r2d404\desktop\sourcecodepublisher2\display\debug\display.tlog\link.write.1.tlog
